#
# There is insufficient memory for the Java Runtime Environment to continue.
# Native memory allocation (mmap) failed to map 60293120 bytes for committing reserved memory.
# Possible reasons:
#   The system is out of physical RAM or swap space
#   In 32 bit mode, the process size limit was hit
# Possible solutions:
#   Reduce memory load on the system
#   Increase physical memory or swap space
#   Check if swap backing store is full
#   Use 64 bit Java on a 64 bit OS
#   Decrease Java heap size (-Xmx/-Xms)
#   Decrease number of Java threads
#   Decrease Java thread stack sizes (-Xss)
#   Set larger code cache with -XX:ReservedCodeCacheSize=
# This output file may be truncated or incomplete.
#
#  Out of Memory Error (os_linux.cpp:2627), pid=20355, tid=0x00007f0a56bee700
#
# JRE version: OpenJDK Runtime Environment (8.0_102-b14) (build 1.8.0_102-b14)
# Java VM: OpenJDK 64-Bit Server VM (25.102-b14 mixed mode linux-amd64 compressed oops)
# Core dump written. Default location: /home/hector/git/java-projects/BankAdministration/core or core.20355
#

---------------  T H R E A D  ---------------

Current thread (0x00007f0a6c076000):  VMThread [stack: 0x00007f0a56aee000,0x00007f0a56bef000] [id=20366]

Stack: [0x00007f0a56aee000,0x00007f0a56bef000],  sp=0x00007f0a56bed4b0,  free space=1021k
Native frames: (J=compiled Java code, j=interpreted, Vv=VM code, C=native code)
V  [libjvm.so+0xa63e00]
V  [libjvm.so+0x4c505c]
V  [libjvm.so+0x8b4210]
V  [libjvm.so+0x8ae94e]
V  [libjvm.so+0x928c5e]
V  [libjvm.so+0x929fe3]
V  [libjvm.so+0x926633]
V  [libjvm.so+0x9268dc]
V  [libjvm.so+0x8d83f3]
V  [libjvm.so+0xa65a12]
V  [libjvm.so+0xa6aa37]
V  [libjvm.so+0xa682c6]
V  [libjvm.so+0xa69646]
V  [libjvm.so+0xa69b41]
V  [libjvm.so+0x8b17d2]

VM_Operation (0x00007f0a4efa6710): ParallelGCFailedAllocation, mode: safepoint, requested by thread 0x00007f0a6c1e0000


---------------  P R O C E S S  ---------------

Java Threads: ( => current thread )
  0x00007f0a6c256800 JavaThread "AWT-EventQueue-0" [_thread_blocked, id=20398, stack(0x00007f0a4e84c000,0x00007f0a4e94d000)]
  0x00007f0a6c255000 JavaThread "AWT-Shutdown" [_thread_blocked, id=20397, stack(0x00007f0a4e94d000,0x00007f0a4ea4e000)]
  0x00007f0a6c1e0000 JavaThread "AWT-XAWT" daemon [_thread_blocked, id=20396, stack(0x00007f0a4eea7000,0x00007f0a4efa8000)]
  0x00007f0a6c1bb800 JavaThread "Java2D Disposer" daemon [_thread_blocked, id=20394, stack(0x00007f0a54010000,0x00007f0a54111000)]
  0x00007f0a6c0be800 JavaThread "Service Thread" daemon [_thread_blocked, id=20375, stack(0x00007f0a5624f000,0x00007f0a56350000)]
  0x00007f0a6c0bb800 JavaThread "C1 CompilerThread2" daemon [_thread_blocked, id=20372, stack(0x00007f0a56350000,0x00007f0a56451000)]
  0x00007f0a6c0ba000 JavaThread "C2 CompilerThread1" daemon [_thread_blocked, id=20371, stack(0x00007f0a56451000,0x00007f0a56552000)]
  0x00007f0a6c0b7000 JavaThread "C2 CompilerThread0" daemon [_thread_blocked, id=20370, stack(0x00007f0a56552000,0x00007f0a56653000)]
  0x00007f0a6c0b5800 JavaThread "Signal Dispatcher" daemon [_thread_blocked, id=20369, stack(0x00007f0a56653000,0x00007f0a56754000)]
  0x00007f0a6c082800 JavaThread "Finalizer" daemon [_thread_blocked, id=20368, stack(0x00007f0a568ec000,0x00007f0a569ed000)]
  0x00007f0a6c07e000 JavaThread "Reference Handler" daemon [_thread_blocked, id=20367, stack(0x00007f0a569ed000,0x00007f0a56aee000)]
  0x00007f0a6c008800 JavaThread "main" [_thread_blocked, id=20356, stack(0x00007f0a72f69000,0x00007f0a7306a000)]

Other Threads:
=>0x00007f0a6c076000 VMThread [stack: 0x00007f0a56aee000,0x00007f0a56bef000] [id=20366]
  0x00007f0a6c0c1000 WatcherThread [stack: 0x00007f0a5614e000,0x00007f0a5624f000] [id=20376]

VM state:at safepoint (normal execution)

VM Mutex/Monitor currently owned by a thread:  ([mutex/lock_event])
[0x00007f0a6c006790] Threads_lock - owner thread: 0x00007f0a6c076000
[0x00007f0a6c006c90] Heap_lock - owner thread: 0x00007f0a6c1e0000

Heap:
 PSYoungGen      total 279040K, used 193152K [0x00000000d6d80000, 0x00000000f4a00000, 0x0000000100000000)
  eden space 83968K, 0% used [0x00000000d6d80000,0x00000000d6d80000,0x00000000dbf80000)
  from space 195072K, 99% used [0x00000000e8b80000,0x00000000f4820000,0x00000000f4a00000)
  to   space 168960K, 0% used [0x00000000dbf80000,0x00000000dbf80000,0x00000000e6480000)
 ParOldGen       total 553472K, used 380903K [0x0000000084800000, 0x00000000a6480000, 0x00000000d6d80000)
  object space 553472K, 68% used [0x0000000084800000,0x000000009bbf9f90,0x00000000a6480000)
 Metaspace       used 10540K, capacity 10710K, committed 11008K, reserved 1058816K
  class space    used 1179K, capacity 1251K, committed 1280K, reserved 1048576K

Card table byte_map: [0x00007f0a5cc23000,0x00007f0a5d000000] byte_map_base: 0x00007f0a5c7ff000

Marking Bits: (ParMarkBitMap*) 0x00007f0a72275860
 Begin Bits: [0x00007f0a589ce000, 0x00007f0a5a8ae000)
 End Bits:   [0x00007f0a5a8ae000, 0x00007f0a5c78e000)

Polling page: 0x00007f0a73093000

CodeCache: size=245760Kb used=3918Kb max_used=3928Kb free=241841Kb
 bounds [0x00007f0a5d000000, 0x00007f0a5d3e0000, 0x00007f0a6c000000]
 total_blobs=1370 nmethods=868 adapters=417
 compilation: enabled

Compilation events (10 events):
Event: 17.863 Thread 0x00007f0a6c0b7000  868       4       java.util.HashMap$KeySet::<init> (10 bytes)
Event: 17.864 Thread 0x00007f0a6c0b7000 nmethod 868 0x00007f0a5d3a9850 code [0x00007f0a5d3a99a0, 0x00007f0a5d3a9a18]
Event: 19.597 Thread 0x00007f0a6c0ba000  869       4       java.awt.Window::updateChildFocusableWindowState (72 bytes)
Event: 19.600 Thread 0x00007f0a6c0ba000 nmethod 869 0x00007f0a5d3d7d90 code [0x00007f0a5d3d7f00, 0x00007f0a5d3d82b8]
Event: 19.602 Thread 0x00007f0a6c0b7000  871   !   4       java.awt.Component::show (145 bytes)
Event: 19.607 Thread 0x00007f0a6c0b7000 nmethod 871 0x00007f0a5d3d8650 code [0x00007f0a5d3d8840, 0x00007f0a5d3d8ee0]
Event: 19.607 Thread 0x00007f0a6c0ba000  870   !   4       java.awt.Dialog::checkShouldBeBlocked (65 bytes)
Event: 19.609 Thread 0x00007f0a6c0ba000 nmethod 870 0x00007f0a5d3b42d0 code [0x00007f0a5d3b4440, 0x00007f0a5d3b46b8]
Event: 40.409 Thread 0x00007f0a6c0bb800  872       3       java.util.concurrent.locks.AbstractQueuedSynchronizer::addWaiter (50 bytes)
Event: 40.409 Thread 0x00007f0a6c0bb800 nmethod 872 0x00007f0a5d39ead0 code [0x00007f0a5d39ec60, 0x00007f0a5d39f0a8]

GC Heap History (10 events):
Event: 25.564 GC heap after
Heap after GC invocations=10 (full 2):
 PSYoungGen      total 193536K, used 117248K [0x00000000d6d80000, 0x00000000eed00000, 0x0000000100000000)
  eden space 76288K, 0% used [0x00000000d6d80000,0x00000000d6d80000,0x00000000db800000)
  from space 117248K, 100% used [0x00000000e4500000,0x00000000eb780000,0x00000000eb780000)
  to   space 144384K, 0% used [0x00000000db800000,0x00000000db800000,0x00000000e4500000)
 ParOldGen       total 340992K, used 245401K [0x0000000084800000, 0x0000000099500000, 0x00000000d6d80000)
  object space 340992K, 71% used [0x0000000084800000,0x00000000937a6728,0x0000000099500000)
 Metaspace       used 10540K, capacity 10710K, committed 11008K, reserved 1058816K
  class space    used 1179K, capacity 1251K, committed 1280K, reserved 1048576K
}
Event: 28.117 GC heap before
{Heap before GC invocations=11 (full 2):
 PSYoungGen      total 193536K, used 193536K [0x00000000d6d80000, 0x00000000eed00000, 0x0000000100000000)
  eden space 76288K, 100% used [0x00000000d6d80000,0x00000000db800000,0x00000000db800000)
  from space 117248K, 100% used [0x00000000e4500000,0x00000000eb780000,0x00000000eb780000)
  to   space 144384K, 0% used [0x00000000db800000,0x00000000db800000,0x00000000e4500000)
 ParOldGen       total 340992K, used 245401K [0x0000000084800000, 0x0000000099500000, 0x00000000d6d80000)
  object space 340992K, 71% used [0x0000000084800000,0x00000000937a6728,0x0000000099500000)
 Metaspace       used 10540K, capacity 10710K, committed 11008K, reserved 1058816K
  class space    used 1179K, capacity 1251K, committed 1280K, reserved 1048576K
Event: 28.627 GC heap after
Heap after GC invocations=11 (full 2):
 PSYoungGen      total 220672K, used 135296K [0x00000000d6d80000, 0x00000000f0400000, 0x0000000100000000)
  eden space 76288K, 0% used [0x00000000d6d80000,0x00000000d6d80000,0x00000000db800000)
  from space 144384K, 93% used [0x00000000db800000,0x00000000e3c20000,0x00000000e4500000)
  to   space 163328K, 0% used [0x00000000e6480000,0x00000000e6480000,0x00000000f0400000)
 ParOldGen       total 340992K, used 283385K [0x0000000084800000, 0x0000000099500000, 0x00000000d6d80000)
  object space 340992K, 83% used [0x0000000084800000,0x0000000095cbe728,0x0000000099500000)
 Metaspace       used 10540K, capacity 10710K, committed 11008K, reserved 1058816K
  class space    used 1179K, capacity 1251K, committed 1280K, reserved 1048576K
}
Event: 28.627 GC heap before
{Heap before GC invocations=12 (full 3):
 PSYoungGen      total 220672K, used 135296K [0x00000000d6d80000, 0x00000000f0400000, 0x0000000100000000)
  eden space 76288K, 0% used [0x00000000d6d80000,0x00000000d6d80000,0x00000000db800000)
  from space 144384K, 93% used [0x00000000db800000,0x00000000e3c20000,0x00000000e4500000)
  to   space 163328K, 0% used [0x00000000e6480000,0x00000000e6480000,0x00000000f0400000)
 ParOldGen       total 340992K, used 283385K [0x0000000084800000, 0x0000000099500000, 0x00000000d6d80000)
  object space 340992K, 83% used [0x0000000084800000,0x0000000095cbe728,0x0000000099500000)
 Metaspace       used 10540K, capacity 10710K, committed 11008K, reserved 1058816K
  class space    used 1179K, capacity 1251K, committed 1280K, reserved 1048576K
Event: 32.497 GC heap after
Heap after GC invocations=12 (full 3):
 PSYoungGen      total 220672K, used 58357K [0x00000000d6d80000, 0x00000000f0400000, 0x0000000100000000)
  eden space 76288K, 0% used [0x00000000d6d80000,0x00000000d6d80000,0x00000000db800000)
  from space 144384K, 40% used [0x00000000db800000,0x00000000df0fd750,0x00000000e4500000)
  to   space 163328K, 0% used [0x00000000e6480000,0x00000000e6480000,0x00000000f0400000)
 ParOldGen       total 553472K, used 340831K [0x0000000084800000, 0x00000000a6480000, 0x00000000d6d80000)
  object space 553472K, 61% used [0x0000000084800000,0x00000000994d7f90,0x00000000a6480000)
 Metaspace       used 10540K, capacity 10710K, committed 11008K, reserved 1058816K
  class space    used 1179K, capacity 1251K, committed 1280K, reserved 1048576K
}
Event: 35.487 GC heap before
{Heap before GC invocations=13 (full 3):
 PSYoungGen      total 220672K, used 134645K [0x00000000d6d80000, 0x00000000f0400000, 0x0000000100000000)
  eden space 76288K, 100% used [0x00000000d6d80000,0x00000000db800000,0x00000000db800000)
  from space 144384K, 40% used [0x00000000db800000,0x00000000df0fd750,0x00000000e4500000)
  to   space 163328K, 0% used [0x00000000e6480000,0x00000000e6480000,0x00000000f0400000)
 ParOldGen       total 553472K, used 340831K [0x0000000084800000, 0x00000000a6480000, 0x00000000d6d80000)
  object space 553472K, 61% used [0x0000000084800000,0x00000000994d7f90,0x00000000a6480000)
 Metaspace       used 10540K, capacity 10710K, committed 11008K, reserved 1058816K
  class space    used 1179K, capacity 1251K, committed 1280K, reserved 1048576K
Event: 35.984 GC heap after
Heap after GC invocations=13 (full 3):
 PSYoungGen      total 247296K, used 113472K [0x00000000d6d80000, 0x00000000f0e80000, 0x0000000100000000)
  eden space 83968K, 0% used [0x00000000d6d80000,0x00000000d6d80000,0x00000000dbf80000)
  from space 163328K, 69% used [0x00000000e6480000,0x00000000ed350000,0x00000000f0400000)
  to   space 168960K, 0% used [0x00000000dbf80000,0x00000000dbf80000,0x00000000e6480000)
 ParOldGen       total 553472K, used 340831K [0x0000000084800000, 0x00000000a6480000, 0x00000000d6d80000)
  object space 553472K, 61% used [0x0000000084800000,0x00000000994d7f90,0x00000000a6480000)
 Metaspace       used 10540K, capacity 10710K, committed 11008K, reserved 1058816K
  class space    used 1179K, capacity 1251K, committed 1280K, reserved 1048576K
}
Event: 39.601 GC heap before
{Heap before GC invocations=14 (full 3):
 PSYoungGen      total 247296K, used 197440K [0x00000000d6d80000, 0x00000000f0e80000, 0x0000000100000000)
  eden space 83968K, 100% used [0x00000000d6d80000,0x00000000dbf80000,0x00000000dbf80000)
  from space 163328K, 69% used [0x00000000e6480000,0x00000000ed350000,0x00000000f0400000)
  to   space 168960K, 0% used [0x00000000dbf80000,0x00000000dbf80000,0x00000000e6480000)
 ParOldGen       total 553472K, used 340831K [0x0000000084800000, 0x00000000a6480000, 0x00000000d6d80000)
  object space 553472K, 61% used [0x0000000084800000,0x00000000994d7f90,0x00000000a6480000)
 Metaspace       used 10540K, capacity 10710K, committed 11008K, reserved 1058816K
  class space    used 1179K, capacity 1251K, committed 1280K, reserved 1048576K
Event: 39.948 GC heap after
Heap after GC invocations=14 (full 3):
 PSYoungGen      total 252928K, used 168960K [0x00000000d6d80000, 0x00000000f4a00000, 0x0000000100000000)
  eden space 83968K, 0% used [0x00000000d6d80000,0x00000000d6d80000,0x00000000dbf80000)
  from space 168960K, 100% used [0x00000000dbf80000,0x00000000e6480000,0x00000000e6480000)
  to   space 195072K, 0% used [0x00000000e8b80000,0x00000000e8b80000,0x00000000f4a00000)
 ParOldGen       total 553472K, used 343895K [0x0000000084800000, 0x00000000a6480000, 0x00000000d6d80000)
  object space 553472K, 62% used [0x0000000084800000,0x00000000997d5f90,0x00000000a6480000)
 Metaspace       used 10540K, capacity 10710K, committed 11008K, reserved 1058816K
  class space    used 1179K, capacity 1251K, committed 1280K, reserved 1048576K
}
Event: 43.114 GC heap before
{Heap before GC invocations=15 (full 3):
 PSYoungGen      total 252928K, used 252928K [0x00000000d6d80000, 0x00000000f4a00000, 0x0000000100000000)
  eden space 83968K, 100% used [0x00000000d6d80000,0x00000000dbf80000,0x00000000dbf80000)
  from space 168960K, 100% used [0x00000000dbf80000,0x00000000e6480000,0x00000000e6480000)
  to   space 195072K, 0% used [0x00000000e8b80000,0x00000000e8b80000,0x00000000f4a00000)
 ParOldGen       total 553472K, used 343895K [0x0000000084800000, 0x00000000a6480000, 0x00000000d6d80000)
  object space 553472K, 62% used [0x0000000084800000,0x00000000997d5f90,0x00000000a6480000)
 Metaspace       used 10540K, capacity 10710K, committed 11008K, reserved 1058816K
  class space    used 1179K, capacity 1251K, committed 1280K, reserved 1048576K

Deoptimization events (10 events):
Event: 1.334 Thread 0x00007f0a6c256800 Uncommon trap: reason=unstable_if action=reinterpret pc=0x00007f0a5d1f1bd8 method=java.security.AccessControlContext.optimize()Ljava/security/AccessControlContext; @ 206
Event: 1.334 Thread 0x00007f0a6c256800 Uncommon trap: reason=unstable_if action=reinterpret pc=0x00007f0a5d1e816c method=java.awt.EventQueue.getPriority(Ljava/awt/AWTEvent;)I @ 64
Event: 1.335 Thread 0x00007f0a6c256800 Uncommon trap: reason=unstable_if action=reinterpret pc=0x00007f0a5d1e4e94 method=java.awt.EventQueue.coalesceEvent(Ljava/awt/AWTEvent;I)Z @ 7
Event: 1.335 Thread 0x00007f0a6c256800 Uncommon trap: reason=speculate_class_check action=maybe_recompile pc=0x00007f0a5d1ed530 method=java.awt.EventQueue.eventToCacheIndex(Ljava/awt/AWTEvent;)I @ 68
Event: 2.595 Thread 0x00007f0a6c256800 Uncommon trap: reason=unstable_if action=reinterpret pc=0x00007f0a5d2f542c method=java.awt.Window.toFront_NoClientCode()V @ 4
Event: 5.086 Thread 0x00007f0a6c256800 Uncommon trap: reason=unstable_if action=reinterpret pc=0x00007f0a5d39183c method=java.util.concurrent.locks.AbstractQueuedSynchronizer.unparkSuccessor(Ljava/util/concurrent/locks/AbstractQueuedSynchronizer$Node;)V @ 6
Event: 11.817 Thread 0x00007f0a6c256800 Uncommon trap: reason=speculate_class_check action=maybe_recompile pc=0x00007f0a5d314ac4 method=java.awt.EventQueue.eventToCacheIndex(Ljava/awt/AWTEvent;)I @ 68
Event: 11.817 Thread 0x00007f0a6c256800 Uncommon trap: reason=unstable_if action=reinterpret pc=0x00007f0a5d1e0484 method=java.security.AccessControlContext.optimize()Ljava/security/AccessControlContext; @ 206
Event: 11.817 Thread 0x00007f0a6c256800 Uncommon trap: reason=class_check action=maybe_recompile pc=0x00007f0a5d318168 method=java.awt.EventQueue.dispatchEventImpl(Ljava/awt/AWTEvent;Ljava/lang/Object;)V @ 6
Event: 40.395 Thread 0x00007f0a6c008800 Uncommon trap: reason=unstable_if action=reinterpret pc=0x00007f0a5d391dc8 method=java.util.concurrent.locks.AbstractQueuedSynchronizer.addWaiter(Ljava/util/concurrent/locks/AbstractQueuedSynchronizer$Node;)Ljava/util/concurrent/locks/AbstractQueuedSynchr

Internal exceptions (10 events):
Event: 0.242 Thread 0x00007f0a6c008800 Exception <a 'java/security/PrivilegedActionException'> (0x00000000d6dfe5b8) thrown at [/build/java8-openjdk/src/jdk8u-jdk8u102-b14/hotspot/src/share/vm/prims/jvm.cpp, line 1386]
Event: 0.242 Thread 0x00007f0a6c008800 Exception <a 'java/security/PrivilegedActionException'> (0x00000000d6dfe7c8) thrown at [/build/java8-openjdk/src/jdk8u-jdk8u102-b14/hotspot/src/share/vm/prims/jvm.cpp, line 1386]
Event: 0.242 Thread 0x00007f0a6c008800 Exception <a 'java/security/PrivilegedActionException'> (0x00000000d6dff220) thrown at [/build/java8-openjdk/src/jdk8u-jdk8u102-b14/hotspot/src/share/vm/prims/jvm.cpp, line 1386]
Event: 0.242 Thread 0x00007f0a6c008800 Exception <a 'java/security/PrivilegedActionException'> (0x00000000d6dff430) thrown at [/build/java8-openjdk/src/jdk8u-jdk8u102-b14/hotspot/src/share/vm/prims/jvm.cpp, line 1386]
Event: 0.346 Thread 0x00007f0a6c008800 Exception <a 'java/lang/NoSuchFieldError': method resolution failed> (0x00000000d6f69d88) thrown at [/build/java8-openjdk/src/jdk8u-jdk8u102-b14/hotspot/src/share/vm/prims/methodHandles.cpp, line 1146]
Event: 0.372 Thread 0x00007f0a6c008800 Exception <a 'java/lang/NoSuchFieldError': method resolution failed> (0x00000000d6f77588) thrown at [/build/java8-openjdk/src/jdk8u-jdk8u102-b14/hotspot/src/share/vm/prims/methodHandles.cpp, line 1146]
Event: 0.449 Thread 0x00007f0a6c008800 Exception <a 'java/io/FileNotFoundException'> (0x00000000d6ff4218) thrown at [/build/java8-openjdk/src/jdk8u-jdk8u102-b14/hotspot/src/share/vm/prims/jni.cpp, line 709]
Event: 0.449 Thread 0x00007f0a6c008800 Exception <a 'java/io/FileNotFoundException'> (0x00000000d6ff4c00) thrown at [/build/java8-openjdk/src/jdk8u-jdk8u102-b14/hotspot/src/share/vm/prims/jni.cpp, line 709]
Event: 0.488 Thread 0x00007f0a6c008800 Exception <a 'java/lang/ClassNotFoundException': sun/dc/DuctusRenderingEngine> (0x00000000d700c7f0) thrown at [/build/java8-openjdk/src/jdk8u-jdk8u102-b14/hotspot/src/share/vm/classfile/systemDictionary.cpp, line 210]
Event: 0.490 Thread 0x00007f0a6c008800 Implicit null exception at 0x00007f0a5d15b722 to 0x00007f0a5d15b8f5

Events (10 events):
Event: 28.116 Executing VM operation: ParallelGCFailedAllocation
Event: 32.497 Executing VM operation: ParallelGCFailedAllocation done
Event: 35.473 Executing VM operation: ParallelGCFailedAllocation
Event: 35.984 Executing VM operation: ParallelGCFailedAllocation done
Event: 39.601 Executing VM operation: ParallelGCFailedAllocation
Event: 39.948 Executing VM operation: ParallelGCFailedAllocation done
Event: 40.395 Thread 0x00007f0a6c008800 Uncommon trap: trap_request=0xffffff65 fr.pc=0x00007f0a5d391dc8
Event: 40.395 Thread 0x00007f0a6c008800 DEOPT PACKING pc=0x00007f0a5d391dc8 sp=0x00007f0a73068800
Event: 40.395 Thread 0x00007f0a6c008800 DEOPT UNPACKING pc=0x00007f0a5d004f69 sp=0x00007f0a730687b8 mode 2
Event: 43.114 Executing VM operation: ParallelGCFailedAllocation


Dynamic libraries:
00400000-00401000 r-xp 00000000 08:02 25612981                           /usr/lib/jvm/java-8-openjdk/jre/bin/java
00600000-00601000 rw-p 00000000 08:02 25612981                           /usr/lib/jvm/java-8-openjdk/jre/bin/java
01375000-01396000 rw-p 00000000 00:00 0                                  [heap]
84800000-a6480000 rw-p 00000000 00:00 0 
a6480000-d6d80000 ---p 00000000 00:00 0 
d6d80000-f4a00000 rw-p 00000000 00:00 0 
f8380000-100000000 ---p 00000000 00:00 0 
100000000-100140000 rw-p 00000000 00:00 0 
100140000-140000000 ---p 00000000 00:00 0 
7f0a08000000-7f0a0817d000 rw-p 00000000 00:00 0 
7f0a0817d000-7f0a0c000000 ---p 00000000 00:00 0 
7f0a10000000-7f0a10035000 rw-p 00000000 00:00 0 
7f0a10035000-7f0a14000000 ---p 00000000 00:00 0 
7f0a14000000-7f0a14021000 rw-p 00000000 00:00 0 
7f0a14021000-7f0a18000000 ---p 00000000 00:00 0 
7f0a18000000-7f0a18021000 rw-p 00000000 00:00 0 
7f0a18021000-7f0a1c000000 ---p 00000000 00:00 0 
7f0a1c000000-7f0a1c021000 rw-p 00000000 00:00 0 
7f0a1c021000-7f0a20000000 ---p 00000000 00:00 0 
7f0a20000000-7f0a202ad000 rw-p 00000000 00:00 0 
7f0a202ad000-7f0a24000000 ---p 00000000 00:00 0 
7f0a24000000-7f0a24021000 rw-p 00000000 00:00 0 
7f0a24021000-7f0a28000000 ---p 00000000 00:00 0 
7f0a28000000-7f0a28a93000 rw-p 00000000 00:00 0 
7f0a28a93000-7f0a2c000000 ---p 00000000 00:00 0 
7f0a2c000000-7f0a2ced3000 rw-p 00000000 00:00 0 
7f0a2ced3000-7f0a30000000 ---p 00000000 00:00 0 
7f0a30000000-7f0a30021000 rw-p 00000000 00:00 0 
7f0a30021000-7f0a34000000 ---p 00000000 00:00 0 
7f0a34000000-7f0a34021000 rw-p 00000000 00:00 0 
7f0a34021000-7f0a38000000 ---p 00000000 00:00 0 
7f0a38000000-7f0a38021000 rw-p 00000000 00:00 0 
7f0a38021000-7f0a3c000000 ---p 00000000 00:00 0 
7f0a3c000000-7f0a3c021000 rw-p 00000000 00:00 0 
7f0a3c021000-7f0a40000000 ---p 00000000 00:00 0 
7f0a40000000-7f0a40021000 rw-p 00000000 00:00 0 
7f0a40021000-7f0a44000000 ---p 00000000 00:00 0 
7f0a44000000-7f0a44021000 rw-p 00000000 00:00 0 
7f0a44021000-7f0a48000000 ---p 00000000 00:00 0 
7f0a48000000-7f0a48021000 rw-p 00000000 00:00 0 
7f0a48021000-7f0a4c000000 ---p 00000000 00:00 0 
7f0a4e64c000-7f0a4e7cc000 rw-p 00000000 00:00 0 
7f0a4e7cc000-7f0a4e84c000 ---p 00000000 00:00 0 
7f0a4e84c000-7f0a4e84f000 ---p 00000000 00:00 0 
7f0a4e84f000-7f0a4e94d000 rw-p 00000000 00:00 0 
7f0a4e94d000-7f0a4e950000 ---p 00000000 00:00 0 
7f0a4e950000-7f0a4ea4e000 rw-p 00000000 00:00 0 
7f0a4ea4e000-7f0a4ea5f000 r-xp 00000000 08:02 25612962                   /usr/lib/jvm/java-8-openjdk/jre/lib/amd64/libnio.so
7f0a4ea5f000-7f0a4ec5e000 ---p 00011000 08:02 25612962                   /usr/lib/jvm/java-8-openjdk/jre/lib/amd64/libnio.so
7f0a4ec5e000-7f0a4ec5f000 rw-p 00010000 08:02 25612962                   /usr/lib/jvm/java-8-openjdk/jre/lib/amd64/libnio.so
7f0a4ec5f000-7f0a4ec90000 rw-p 00000000 00:00 0 
7f0a4ec90000-7f0a4eca6000 r-xp 00000000 08:02 25612952                   /usr/lib/jvm/java-8-openjdk/jre/lib/amd64/libnet.so
7f0a4eca6000-7f0a4eea6000 ---p 00016000 08:02 25612952                   /usr/lib/jvm/java-8-openjdk/jre/lib/amd64/libnet.so
7f0a4eea6000-7f0a4eea7000 rw-p 00016000 08:02 25612952                   /usr/lib/jvm/java-8-openjdk/jre/lib/amd64/libnet.so
7f0a4eea7000-7f0a4eeaa000 ---p 00000000 00:00 0 
7f0a4eeaa000-7f0a4efa8000 rw-p 00000000 00:00 0 
7f0a4efa8000-7f0a4efad000 r-xp 00000000 08:02 23007810                   /usr/lib/libXfixes.so.3.1.0
7f0a4efad000-7f0a4f1ac000 ---p 00005000 08:02 23007810                   /usr/lib/libXfixes.so.3.1.0
7f0a4f1ac000-7f0a4f1ad000 r--p 00004000 08:02 23007810                   /usr/lib/libXfixes.so.3.1.0
7f0a4f1ad000-7f0a4f1ae000 rw-p 00005000 08:02 23007810                   /usr/lib/libXfixes.so.3.1.0
7f0a4f1ae000-7f0a4f1b8000 r-xp 00000000 08:02 23008473                   /usr/lib/libXcursor.so.1.0.2
7f0a4f1b8000-7f0a4f3b7000 ---p 0000a000 08:02 23008473                   /usr/lib/libXcursor.so.1.0.2
7f0a4f3b7000-7f0a4f3b8000 r--p 00009000 08:02 23008473                   /usr/lib/libXcursor.so.1.0.2
7f0a4f3b8000-7f0a4f3b9000 rw-p 0000a000 08:02 23008473                   /usr/lib/libXcursor.so.1.0.2
7f0a4f3b9000-7f0a4f42b000 r-xp 00000000 08:02 22994120                   /usr/lib/libpcre.so.1.2.7
7f0a4f42b000-7f0a4f62a000 ---p 00072000 08:02 22994120                   /usr/lib/libpcre.so.1.2.7
7f0a4f62a000-7f0a4f62b000 r--p 00071000 08:02 22994120                   /usr/lib/libpcre.so.1.2.7
7f0a4f62b000-7f0a4f62c000 rw-p 00072000 08:02 22994120                   /usr/lib/libpcre.so.1.2.7
7f0a4f62c000-7f0a4f656000 r-xp 00000000 08:02 23004110                   /usr/lib/libgraphite2.so.3.0.1
7f0a4f656000-7f0a4f855000 ---p 0002a000 08:02 23004110                   /usr/lib/libgraphite2.so.3.0.1
7f0a4f855000-7f0a4f857000 r--p 00029000 08:02 23004110                   /usr/lib/libgraphite2.so.3.0.1
7f0a4f857000-7f0a4f858000 rw-p 0002b000 08:02 23004110                   /usr/lib/libgraphite2.so.3.0.1
7f0a4f858000-7f0a4f969000 r-xp 00000000 08:02 22996889                   /usr/lib/libglib-2.0.so.0.5000.1
7f0a4f969000-7f0a4fb68000 ---p 00111000 08:02 22996889                   /usr/lib/libglib-2.0.so.0.5000.1
7f0a4fb68000-7f0a4fb69000 r--p 00110000 08:02 22996889                   /usr/lib/libglib-2.0.so.0.5000.1
7f0a4fb69000-7f0a4fb6a000 rw-p 00111000 08:02 22996889                   /usr/lib/libglib-2.0.so.0.5000.1
7f0a4fb6a000-7f0a4fb6b000 rw-p 00000000 00:00 0 
7f0a4fb6b000-7f0a4fbc8000 r-xp 00000000 08:02 23004114                   /usr/lib/libharfbuzz.so.0.10302.0
7f0a4fbc8000-7f0a4fdc8000 ---p 0005d000 08:02 23004114                   /usr/lib/libharfbuzz.so.0.10302.0
7f0a4fdc8000-7f0a4fdc9000 r--p 0005d000 08:02 23004114                   /usr/lib/libharfbuzz.so.0.10302.0
7f0a4fdc9000-7f0a4fdca000 rw-p 0005e000 08:02 23004114                   /usr/lib/libharfbuzz.so.0.10302.0
7f0a4fdca000-7f0a4fdff000 r-xp 00000000 08:02 23004094                   /usr/lib/libpng16.so.16.25.0
7f0a4fdff000-7f0a4fffe000 ---p 00035000 08:02 23004094                   /usr/lib/libpng16.so.16.25.0
7f0a4fffe000-7f0a4ffff000 r--p 00034000 08:02 23004094                   /usr/lib/libpng16.so.16.25.0
7f0a4ffff000-7f0a50000000 rw-p 00035000 08:02 23004094                   /usr/lib/libpng16.so.16.25.0
7f0a50000000-7f0a50021000 rw-p 00000000 00:00 0 
7f0a50021000-7f0a54000000 ---p 00000000 00:00 0 
7f0a54010000-7f0a54013000 ---p 00000000 00:00 0 
7f0a54013000-7f0a54111000 rw-p 00000000 00:00 0 
7f0a54111000-7f0a54120000 r-xp 00000000 08:02 22993995                   /usr/lib/libbz2.so.1.0.6
7f0a54120000-7f0a5431f000 ---p 0000f000 08:02 22993995                   /usr/lib/libbz2.so.1.0.6
7f0a5431f000-7f0a54321000 rw-p 0000e000 08:02 22993995                   /usr/lib/libbz2.so.1.0.6
7f0a54321000-7f0a54337000 r-xp 00000000 08:02 22986073                   /usr/lib/libgcc_s.so.1
7f0a54337000-7f0a54536000 ---p 00016000 08:02 22986073                   /usr/lib/libgcc_s.so.1
7f0a54536000-7f0a54537000 r--p 00015000 08:02 22986073                   /usr/lib/libgcc_s.so.1
7f0a54537000-7f0a54538000 rw-p 00016000 08:02 22986073                   /usr/lib/libgcc_s.so.1
7f0a54538000-7f0a545ee000 r-xp 00000000 08:02 23004144                   /usr/lib/libfreetype.so.6.12.6
7f0a545ee000-7f0a547ee000 ---p 000b6000 08:02 23004144                   /usr/lib/libfreetype.so.6.12.6
7f0a547ee000-7f0a547f4000 r--p 000b6000 08:02 23004144                   /usr/lib/libfreetype.so.6.12.6
7f0a547f4000-7f0a547f5000 rw-p 000bc000 08:02 23004144                   /usr/lib/libfreetype.so.6.12.6
7f0a547f5000-7f0a54857000 r-xp 00000000 08:02 25612967                   /usr/lib/jvm/java-8-openjdk/jre/lib/amd64/libfontmanager.so
7f0a54857000-7f0a54a56000 ---p 00062000 08:02 25612967                   /usr/lib/jvm/java-8-openjdk/jre/lib/amd64/libfontmanager.so
7f0a54a56000-7f0a54a5a000 rw-p 00061000 08:02 25612967                   /usr/lib/jvm/java-8-openjdk/jre/lib/amd64/libfontmanager.so
7f0a54a5a000-7f0a54a5f000 r-xp 00000000 08:02 23004087                   /usr/lib/libXdmcp.so.6.0.0
7f0a54a5f000-7f0a54c5e000 ---p 00005000 08:02 23004087                   /usr/lib/libXdmcp.so.6.0.0
7f0a54c5e000-7f0a54c5f000 r--p 00004000 08:02 23004087                   /usr/lib/libXdmcp.so.6.0.0
7f0a54c5f000-7f0a54c60000 rw-p 00005000 08:02 23004087                   /usr/lib/libXdmcp.so.6.0.0
7f0a54c60000-7f0a54c62000 r-xp 00000000 08:02 23004199                   /usr/lib/libXau.so.6.0.0
7f0a54c62000-7f0a54e62000 ---p 00002000 08:02 23004199                   /usr/lib/libXau.so.6.0.0
7f0a54e62000-7f0a54e63000 r--p 00002000 08:02 23004199                   /usr/lib/libXau.so.6.0.0
7f0a54e63000-7f0a54e64000 rw-p 00003000 08:02 23004199                   /usr/lib/libXau.so.6.0.0
7f0a54e64000-7f0a54e8c000 r-xp 00000000 08:02 23004298                   /usr/lib/libxcb.so.1.1.0
7f0a54e8c000-7f0a5508b000 ---p 00028000 08:02 23004298                   /usr/lib/libxcb.so.1.1.0
7f0a5508b000-7f0a5508c000 r--p 00027000 08:02 23004298                   /usr/lib/libxcb.so.1.1.0
7f0a5508c000-7f0a5508d000 rw-p 00028000 08:02 23004298                   /usr/lib/libxcb.so.1.1.0
7f0a5508d000-7f0a5509c000 r-xp 00000000 08:02 23008315                   /usr/lib/libXi.so.6.1.0
7f0a5509c000-7f0a5529c000 ---p 0000f000 08:02 23008315                   /usr/lib/libXi.so.6.1.0
7f0a5529c000-7f0a5529d000 r--p 0000f000 08:02 23008315                   /usr/lib/libXi.so.6.1.0
7f0a5529d000-7f0a5529e000 rw-p 00010000 08:02 23008315                   /usr/lib/libXi.so.6.1.0
7f0a5529e000-7f0a552a3000 r-xp 00000000 08:02 23008490                   /usr/lib/libXtst.so.6.1.0
7f0a552a3000-7f0a554a2000 ---p 00005000 08:02 23008490                   /usr/lib/libXtst.so.6.1.0
7f0a554a2000-7f0a554a3000 r--p 00004000 08:02 23008490                   /usr/lib/libXtst.so.6.1.0
7f0a554a3000-7f0a554a4000 rw-p 00005000 08:02 23008490                   /usr/lib/libXtst.so.6.1.0
7f0a554a4000-7f0a554ad000 r-xp 00000000 08:02 23008393                   /usr/lib/libXrender.so.1.3.0
7f0a554ad000-7f0a556ad000 ---p 00009000 08:02 23008393                   /usr/lib/libXrender.so.1.3.0
7f0a556ad000-7f0a556ae000 r--p 00009000 08:02 23008393                   /usr/lib/libXrender.so.1.3.0
7f0a556ae000-7f0a556af000 rw-p 0000a000 08:02 23008393                   /usr/lib/libXrender.so.1.3.0
7f0a556af000-7f0a557e8000 r-xp 00000000 08:02 23007407                   /usr/lib/libX11.so.6.3.0
7f0a557e8000-7f0a559e8000 ---p 00139000 08:02 23007407                   /usr/lib/libX11.so.6.3.0
7f0a559e8000-7f0a559e9000 r--p 00139000 08:02 23007407                   /usr/lib/libX11.so.6.3.0
7f0a559e9000-7f0a559ee000 rw-p 0013a000 08:02 23007407                   /usr/lib/libX11.so.6.3.0
7f0a559ee000-7f0a559ff000 r-xp 00000000 08:02 23007778                   /usr/lib/libXext.so.6.4.0
7f0a559ff000-7f0a55bfe000 ---p 00011000 08:02 23007778                   /usr/lib/libXext.so.6.4.0
7f0a55bfe000-7f0a55bff000 r--p 00010000 08:02 23007778                   /usr/lib/libXext.so.6.4.0
7f0a55bff000-7f0a55c00000 rw-p 00011000 08:02 23007778                   /usr/lib/libXext.so.6.4.0
7f0a55c28000-7f0a55c7b000 r-xp 00000000 08:02 25612966                   /usr/lib/jvm/java-8-openjdk/jre/lib/amd64/libawt_xawt.so
7f0a55c7b000-7f0a55e7b000 ---p 00053000 08:02 25612966                   /usr/lib/jvm/java-8-openjdk/jre/lib/amd64/libawt_xawt.so
7f0a55e7b000-7f0a55e7e000 rw-p 00053000 08:02 25612966                   /usr/lib/jvm/java-8-openjdk/jre/lib/amd64/libawt_xawt.so
7f0a55e7e000-7f0a55e7f000 rw-p 00000000 00:00 0 
7f0a55e7f000-7f0a55f1f000 r-xp 00000000 08:02 25612960                   /usr/lib/jvm/java-8-openjdk/jre/lib/amd64/libawt.so
7f0a55f1f000-7f0a5611e000 ---p 000a0000 08:02 25612960                   /usr/lib/jvm/java-8-openjdk/jre/lib/amd64/libawt.so
7f0a5611e000-7f0a5612a000 rw-p 0009f000 08:02 25612960                   /usr/lib/jvm/java-8-openjdk/jre/lib/amd64/libawt.so
7f0a5612a000-7f0a5614e000 rw-p 00000000 00:00 0 
7f0a5614e000-7f0a5614f000 ---p 00000000 00:00 0 
7f0a5614f000-7f0a5624f000 rw-p 00000000 00:00 0 
7f0a5624f000-7f0a56252000 ---p 00000000 00:00 0 
7f0a56252000-7f0a56350000 rw-p 00000000 00:00 0 
7f0a56350000-7f0a56353000 ---p 00000000 00:00 0 
7f0a56353000-7f0a56451000 rw-p 00000000 00:00 0 
7f0a56451000-7f0a56454000 ---p 00000000 00:00 0 
7f0a56454000-7f0a56552000 rw-p 00000000 00:00 0 
7f0a56552000-7f0a56555000 ---p 00000000 00:00 0 
7f0a56555000-7f0a56653000 rw-p 00000000 00:00 0 
7f0a56653000-7f0a56656000 ---p 00000000 00:00 0 
7f0a56656000-7f0a56754000 rw-p 00000000 00:00 0 
7f0a56754000-7f0a568ec000 r--p 00000000 08:02 23003834                   /usr/lib/locale/locale-archive
7f0a568ec000-7f0a568ef000 ---p 00000000 00:00 0 
7f0a568ef000-7f0a569ed000 rw-p 00000000 00:00 0 
7f0a569ed000-7f0a569f0000 ---p 00000000 00:00 0 
7f0a569f0000-7f0a56aee000 rw-p 00000000 00:00 0 
7f0a56aee000-7f0a56aef000 ---p 00000000 00:00 0 
7f0a56aef000-7f0a57bae000 rw-p 00000000 00:00 0 
7f0a57bae000-7f0a57d7c000 r--s 03bf0000 08:02 25612889                   /usr/lib/jvm/java-8-openjdk/jre/lib/rt.jar
7f0a57d7c000-7f0a5c78e000 rw-p 00000000 00:00 0 
7f0a5c78e000-7f0a5c78f000 ---p 00000000 00:00 0 
7f0a5c78f000-7f0a5c88f000 rw-p 00000000 00:00 0 
7f0a5c88f000-7f0a5c890000 ---p 00000000 00:00 0 
7f0a5c890000-7f0a5ca9f000 rw-p 00000000 00:00 0 
7f0a5ca9f000-7f0a5cc23000 ---p 00000000 00:00 0 
7f0a5cc23000-7f0a5cd32000 rw-p 00000000 00:00 0 
7f0a5cd32000-7f0a5ceb5000 ---p 00000000 00:00 0 
7f0a5ceb5000-7f0a5cfa4000 rw-p 00000000 00:00 0 
7f0a5cfa4000-7f0a5cfff000 ---p 00000000 00:00 0 
7f0a5cfff000-7f0a5d000000 rw-p 00000000 00:00 0 
7f0a5d000000-7f0a5d3e0000 rwxp 00000000 00:00 0 
7f0a5d3e0000-7f0a6c000000 ---p 00000000 00:00 0 
7f0a6c000000-7f0a6c26c000 rw-p 00000000 00:00 0 
7f0a6c26c000-7f0a70000000 ---p 00000000 00:00 0 
7f0a70001000-7f0a70022000 rw-p 00000000 00:00 0 
7f0a70022000-7f0a70023000 ---p 00000000 00:00 0 
7f0a70023000-7f0a70123000 rw-p 00000000 00:00 0 
7f0a70123000-7f0a70124000 ---p 00000000 00:00 0 
7f0a70124000-7f0a70234000 rw-p 00000000 00:00 0 
7f0a70234000-7f0a705e4000 ---p 00000000 00:00 0 
7f0a705e4000-7f0a705ec000 r-xp 00000000 08:02 25612949                   /usr/lib/jvm/java-8-openjdk/jre/lib/amd64/libzip.so
7f0a705ec000-7f0a707eb000 ---p 00008000 08:02 25612949                   /usr/lib/jvm/java-8-openjdk/jre/lib/amd64/libzip.so
7f0a707eb000-7f0a707ec000 rw-p 00007000 08:02 25612949                   /usr/lib/jvm/java-8-openjdk/jre/lib/amd64/libzip.so
7f0a707ec000-7f0a707f6000 r-xp 00000000 08:02 22985691                   /usr/lib/libnss_files-2.24.so
7f0a707f6000-7f0a709f6000 ---p 0000a000 08:02 22985691                   /usr/lib/libnss_files-2.24.so
7f0a709f6000-7f0a709f7000 r--p 0000a000 08:02 22985691                   /usr/lib/libnss_files-2.24.so
7f0a709f7000-7f0a709f8000 rw-p 0000b000 08:02 22985691                   /usr/lib/libnss_files-2.24.so
7f0a709f8000-7f0a709fe000 rw-p 00000000 00:00 0 
7f0a709fe000-7f0a70a2a000 r-xp 00000000 08:02 25612948                   /usr/lib/jvm/java-8-openjdk/jre/lib/amd64/libjava.so
7f0a70a2a000-7f0a70c2a000 ---p 0002c000 08:02 25612948                   /usr/lib/jvm/java-8-openjdk/jre/lib/amd64/libjava.so
7f0a70c2a000-7f0a70c2c000 rw-p 0002c000 08:02 25612948                   /usr/lib/jvm/java-8-openjdk/jre/lib/amd64/libjava.so
7f0a70c2c000-7f0a70c39000 r-xp 00000000 08:02 25612940                   /usr/lib/jvm/java-8-openjdk/jre/lib/amd64/libverify.so
7f0a70c39000-7f0a70e38000 ---p 0000d000 08:02 25612940                   /usr/lib/jvm/java-8-openjdk/jre/lib/amd64/libverify.so
7f0a70e38000-7f0a70e3a000 rw-p 0000c000 08:02 25612940                   /usr/lib/jvm/java-8-openjdk/jre/lib/amd64/libverify.so
7f0a70e3a000-7f0a70e41000 r-xp 00000000 08:02 22985699                   /usr/lib/librt-2.24.so
7f0a70e41000-7f0a71040000 ---p 00007000 08:02 22985699                   /usr/lib/librt-2.24.so
7f0a71040000-7f0a71041000 r--p 00006000 08:02 22985699                   /usr/lib/librt-2.24.so
7f0a71041000-7f0a71042000 rw-p 00007000 08:02 22985699                   /usr/lib/librt-2.24.so
7f0a71042000-7f0a71145000 r-xp 00000000 08:02 22985696                   /usr/lib/libm-2.24.so
7f0a71145000-7f0a71344000 ---p 00103000 08:02 22985696                   /usr/lib/libm-2.24.so
7f0a71344000-7f0a71345000 r--p 00102000 08:02 22985696                   /usr/lib/libm-2.24.so
7f0a71345000-7f0a71346000 rw-p 00103000 08:02 22985696                   /usr/lib/libm-2.24.so
7f0a71346000-7f0a71fa6000 r-xp 00000000 08:02 25612972                   /usr/lib/jvm/java-8-openjdk/jre/lib/amd64/server/libjvm.so
7f0a71fa6000-7f0a721a6000 ---p 00c60000 08:02 25612972                   /usr/lib/jvm/java-8-openjdk/jre/lib/amd64/server/libjvm.so
7f0a721a6000-7f0a72262000 rw-p 00c60000 08:02 25612972                   /usr/lib/jvm/java-8-openjdk/jre/lib/amd64/server/libjvm.so
7f0a72262000-7f0a72292000 rw-p 00000000 00:00 0 
7f0a72292000-7f0a72427000 r-xp 00000000 08:02 22985638                   /usr/lib/libc-2.24.so
7f0a72427000-7f0a72626000 ---p 00195000 08:02 22985638                   /usr/lib/libc-2.24.so
7f0a72626000-7f0a7262a000 r--p 00194000 08:02 22985638                   /usr/lib/libc-2.24.so
7f0a7262a000-7f0a7262c000 rw-p 00198000 08:02 22985638                   /usr/lib/libc-2.24.so
7f0a7262c000-7f0a72630000 rw-p 00000000 00:00 0 
7f0a72630000-7f0a72632000 r-xp 00000000 08:02 22985695                   /usr/lib/libdl-2.24.so
7f0a72632000-7f0a72832000 ---p 00002000 08:02 22985695                   /usr/lib/libdl-2.24.so
7f0a72832000-7f0a72833000 r--p 00002000 08:02 22985695                   /usr/lib/libdl-2.24.so
7f0a72833000-7f0a72834000 rw-p 00003000 08:02 22985695                   /usr/lib/libdl-2.24.so
7f0a72834000-7f0a72841000 r-xp 00000000 08:02 25612969                   /usr/lib/jvm/java-8-openjdk/jre/lib/amd64/jli/libjli.so
7f0a72841000-7f0a72a40000 ---p 0000d000 08:02 25612969                   /usr/lib/jvm/java-8-openjdk/jre/lib/amd64/jli/libjli.so
7f0a72a40000-7f0a72a41000 rw-p 0000c000 08:02 25612969                   /usr/lib/jvm/java-8-openjdk/jre/lib/amd64/jli/libjli.so
7f0a72a41000-7f0a72a56000 r-xp 00000000 08:02 22992666                   /usr/lib/libz.so.1.2.8
7f0a72a56000-7f0a72c55000 ---p 00015000 08:02 22992666                   /usr/lib/libz.so.1.2.8
7f0a72c55000-7f0a72c56000 r--p 00014000 08:02 22992666                   /usr/lib/libz.so.1.2.8
7f0a72c56000-7f0a72c57000 rw-p 00015000 08:02 22992666                   /usr/lib/libz.so.1.2.8
7f0a72c57000-7f0a72c6f000 r-xp 00000000 08:02 22985619                   /usr/lib/libpthread-2.24.so
7f0a72c6f000-7f0a72e6e000 ---p 00018000 08:02 22985619                   /usr/lib/libpthread-2.24.so
7f0a72e6e000-7f0a72e6f000 r--p 00017000 08:02 22985619                   /usr/lib/libpthread-2.24.so
7f0a72e6f000-7f0a72e70000 rw-p 00018000 08:02 22985619                   /usr/lib/libpthread-2.24.so
7f0a72e70000-7f0a72e74000 rw-p 00000000 00:00 0 
7f0a72e74000-7f0a72e97000 r-xp 00000000 08:02 22985637                   /usr/lib/ld-2.24.so
7f0a72e9e000-7f0a72f69000 rw-p 00000000 00:00 0 
7f0a72f69000-7f0a72f6c000 ---p 00000000 00:00 0 
7f0a72f6c000-7f0a7306c000 rw-p 00000000 00:00 0 
7f0a73077000-7f0a7308a000 r--s 00346000 08:02 25612888                   /usr/lib/jvm/java-8-openjdk/jre/lib/resources.jar
7f0a7308a000-7f0a73092000 rw-s 00000000 00:25 149077                     /tmp/hsperfdata_hector/20355
7f0a73092000-7f0a73093000 rw-p 00000000 00:00 0 
7f0a73093000-7f0a73094000 ---p 00000000 00:00 0 
7f0a73094000-7f0a73096000 rw-p 00000000 00:00 0 
7f0a73096000-7f0a73097000 r--p 00022000 08:02 22985637                   /usr/lib/ld-2.24.so
7f0a73097000-7f0a73098000 rw-p 00023000 08:02 22985637                   /usr/lib/ld-2.24.so
7f0a73098000-7f0a73099000 rw-p 00000000 00:00 0 
7ffccd4bd000-7ffccd4de000 rw-p 00000000 00:00 0                          [stack]
7ffccd55f000-7ffccd561000 r--p 00000000 00:00 0                          [vvar]
7ffccd561000-7ffccd563000 r-xp 00000000 00:00 0                          [vdso]
ffffffffff600000-ffffffffff601000 r-xp 00000000 00:00 0                  [vsyscall]

VM Arguments:
jvm_args: -Dfile.encoding=UTF-8 
java_command: LoginWIndow
java_class_path (initial): /home/hector/git/java-projects/BankAdministration/bin:/home/hector/.p2/pool/plugins/org.eclipse.osgi_3.12.0.v20160908-1235.jar:/home/hector/.p2/pool/plugins/org.eclipse.core.commands_3.9.0.v20160901-1319.jar:/home/hector/.p2/pool/plugins/org.eclipse.equinox.common_3.9.0.v20160831-0037.jar:/home/hector/.p2/pool/plugins/org.eclipse.equinox.registry_3.6.100.v20160223-2218.jar:/home/hector/.p2/pool/plugins/org.eclipse.core.runtime_3.12.0.v20160901-1938.jar:/home/hector/.p2/pool/plugins/org.eclipse.text_3.6.0.v20160503-1849.jar:/home/hector/.p2/pool/plugins/org.eclipse.swt.gtk.linux.x86_64_3.106.0.v20160914-1500.jar:/home/hector/.p2/pool/plugins/org.eclipse.jface_3.12.100.v20160909-0734.jar:/home/hector/.p2/pool/plugins/org.eclipse.jface.text_3.11.100.v20160914-2052.jar:/home/hector/.p2/pool/plugins/org.eclipse.ui.workbench_3.109.0.v20160909-0731.jar:/home/hector/.p2/pool/plugins/com.ibm.icu_56.1.0.v201601250100.jar:/home/hector/.p2/pool/plugins/org.eclipse.ui.forms_3.7.0.v20160831-1613.jar:/home/hector/git/java-projects/BankAdministration/jgoodies-forms-1.8.0.jar:/home/hector/git/java-projects/BankAdministration/miglayout15-swing.jar
Launcher Type: SUN_STANDARD

Environment Variables:
PATH=/usr/local/sbin:/usr/local/bin:/usr/bin:/usr/lib/jvm/default/bin:/usr/bin/site_perl:/usr/bin/vendor_perl:/usr/bin/core_perl
USERNAME=hector
SHELL=/bin/bash
DISPLAY=:0

Signal Handlers:
SIGSEGV: [libjvm.so+0xa64890], sa_mask[0]=11111111011111111101111111111110, sa_flags=SA_RESTART|SA_SIGINFO
SIGBUS: [libjvm.so+0xa64890], sa_mask[0]=11111111011111111101111111111110, sa_flags=SA_RESTART|SA_SIGINFO
SIGFPE: [libjvm.so+0x8afab0], sa_mask[0]=11111111011111111101111111111110, sa_flags=SA_RESTART|SA_SIGINFO
SIGPIPE: [libjvm.so+0x8afab0], sa_mask[0]=11111111011111111101111111111110, sa_flags=SA_RESTART|SA_SIGINFO
SIGXFSZ: [libjvm.so+0x8afab0], sa_mask[0]=11111111011111111101111111111110, sa_flags=SA_RESTART|SA_SIGINFO
SIGILL: [libjvm.so+0x8afab0], sa_mask[0]=11111111011111111101111111111110, sa_flags=SA_RESTART|SA_SIGINFO
SIGUSR1: SIG_DFL, sa_mask[0]=00000000000000000000000000000000, sa_flags=none
SIGUSR2: [libjvm.so+0x8af960], sa_mask[0]=00100000000000000000000000000000, sa_flags=SA_RESTART|SA_SIGINFO
SIGHUP: [libjvm.so+0x8afe10], sa_mask[0]=11111111011111111101111111111110, sa_flags=SA_RESTART|SA_SIGINFO
SIGINT: [libjvm.so+0x8afe10], sa_mask[0]=11111111011111111101111111111110, sa_flags=SA_RESTART|SA_SIGINFO
SIGTERM: [libjvm.so+0x8afe10], sa_mask[0]=11111111011111111101111111111110, sa_flags=SA_RESTART|SA_SIGINFO
SIGQUIT: [libjvm.so+0x8afe10], sa_mask[0]=11111111011111111101111111111110, sa_flags=SA_RESTART|SA_SIGINFO


---------------  S Y S T E M  ---------------

OS:NAME="Arch Linux"
ID=arch
PRETTY_NAME="Arch Linux"
ANSI_COLOR="0;36"
HOME_URL="https://www.archlinux.org/"
SUPPORT_URL="https://bbs.archlinux.org/"
BUG_REPORT_URL="https://bugs.archlinux.org/"


uname:Linux 4.8.2-1-ARCH #1 SMP PREEMPT Mon Oct 17 08:11:46 CEST 2016 x86_64
libc:glibc 2.24 NPTL 2.24 
rlimit: STACK 8192k, CORE infinity, NPROC 31343, NOFILE 4096, AS infinity
load average:5.67 2.00 1.08

/proc/meminfo:
MemTotal:        8092016 kB
MemFree:          249984 kB
MemAvailable:     148344 kB
Buffers:             668 kB
Cached:           465936 kB
SwapCached:            0 kB
Active:          7201304 kB
Inactive:         434520 kB
Active(anon):    7179504 kB
Inactive(anon):   408964 kB
Active(file):      21800 kB
Inactive(file):    25556 kB
Unevictable:         124 kB
Mlocked:             124 kB
SwapTotal:             0 kB
SwapFree:              0 kB
Dirty:              1060 kB
Writeback:             0 kB
AnonPages:       7170200 kB
Mapped:           173788 kB
Shmem:            418412 kB
Slab:              69096 kB
SReclaimable:      29228 kB
SUnreclaim:        39868 kB
KernelStack:       11616 kB
PageTables:        53824 kB
NFS_Unstable:          0 kB
Bounce:                0 kB
WritebackTmp:          0 kB
CommitLimit:     4046008 kB
Committed_AS:   12441700 kB
VmallocTotal:   34359738367 kB
VmallocUsed:           0 kB
VmallocChunk:          0 kB
HardwareCorrupted:     0 kB
AnonHugePages:   4179968 kB
ShmemHugePages:        0 kB
ShmemPmdMapped:        0 kB
HugePages_Total:       0
HugePages_Free:        0
HugePages_Rsvd:        0
HugePages_Surp:        0
Hugepagesize:       2048 kB
DirectMap4k:      121596 kB
DirectMap2M:     5033984 kB
DirectMap1G:     3145728 kB


CPU:total 4 (2 cores per cpu, 2 threads per core) family 6 model 61 stepping 4, cmov, cx8, fxsr, mmx, sse, sse2, sse3, ssse3, sse4.1, sse4.2, popcnt, avx, avx2, aes, clmul, erms, 3dnowpref, lzcnt, ht, tsc, tscinvbit, bmi1, bmi2, adx

/proc/cpuinfo:
processor	: 0
vendor_id	: GenuineIntel
cpu family	: 6
model		: 61
model name	: Intel(R) Core(TM) i7-5500U CPU @ 2.40GHz
stepping	: 4
microcode	: 0x24
cpu MHz		: 2899.951
cache size	: 4096 KB
physical id	: 0
siblings	: 4
core id		: 0
cpu cores	: 2
apicid		: 0
initial apicid	: 0
fpu		: yes
fpu_exception	: yes
cpuid level	: 20
wp		: yes
flags		: fpu vme de pse tsc msr pae mce cx8 apic sep mtrr pge mca cmov pat pse36 clflush dts acpi mmx fxsr sse sse2 ss ht tm pbe syscall nx pdpe1gb rdtscp lm constant_tsc arch_perfmon pebs bts rep_good nopl xtopology nonstop_tsc aperfmperf eagerfpu pni pclmulqdq dtes64 monitor ds_cpl vmx est tm2 ssse3 sdbg fma cx16 xtpr pdcm pcid sse4_1 sse4_2 x2apic movbe popcnt tsc_deadline_timer aes xsave avx f16c rdrand lahf_lm abm 3dnowprefetch epb intel_pt tpr_shadow vnmi flexpriority ept vpid fsgsbase tsc_adjust bmi1 avx2 smep bmi2 erms invpcid rdseed adx smap xsaveopt dtherm ida arat pln pts
bugs		:
bogomips	: 4790.46
clflush size	: 64
cache_alignment	: 64
address sizes	: 39 bits physical, 48 bits virtual
power management:

processor	: 1
vendor_id	: GenuineIntel
cpu family	: 6
model		: 61
model name	: Intel(R) Core(TM) i7-5500U CPU @ 2.40GHz
stepping	: 4
microcode	: 0x24
cpu MHz		: 2899.951
cache size	: 4096 KB
physical id	: 0
siblings	: 4
core id		: 1
cpu cores	: 2
apicid		: 2
initial apicid	: 2
fpu		: yes
fpu_exception	: yes
cpuid level	: 20
wp		: yes
flags		: fpu vme de pse tsc msr pae mce cx8 apic sep mtrr pge mca cmov pat pse36 clflush dts acpi mmx fxsr sse sse2 ss ht tm pbe syscall nx pdpe1gb rdtscp lm constant_tsc arch_perfmon pebs bts rep_good nopl xtopology nonstop_tsc aperfmperf eagerfpu pni pclmulqdq dtes64 monitor ds_cpl vmx est tm2 ssse3 sdbg fma cx16 xtpr pdcm pcid sse4_1 sse4_2 x2apic movbe popcnt tsc_deadline_timer aes xsave avx f16c rdrand lahf_lm abm 3dnowprefetch epb intel_pt tpr_shadow vnmi flexpriority ept vpid fsgsbase tsc_adjust bmi1 avx2 smep bmi2 erms invpcid rdseed adx smap xsaveopt dtherm ida arat pln pts
bugs		:
bogomips	: 4792.80
clflush size	: 64
cache_alignment	: 64
address sizes	: 39 bits physical, 48 bits virtual
power management:

processor	: 2
vendor_id	: GenuineIntel
cpu family	: 6
model		: 61
model name	: Intel(R) Core(TM) i7-5500U CPU @ 2.40GHz
stepping	: 4
microcode	: 0x24
cpu MHz		: 2899.951
cache size	: 4096 KB
physical id	: 0
siblings	: 4
core id		: 0
cpu cores	: 2
apicid		: 1
initial apicid	: 1
fpu		: yes
fpu_exception	: yes
cpuid level	: 20
wp		: yes
flags		: fpu vme de pse tsc msr pae mce cx8 apic sep mtrr pge mca cmov pat pse36 clflush dts acpi mmx fxsr sse sse2 ss ht tm pbe syscall nx pdpe1gb rdtscp lm constant_tsc arch_perfmon pebs bts rep_good nopl xtopology nonstop_tsc aperfmperf eagerfpu pni pclmulqdq dtes64 monitor ds_cpl vmx est tm2 ssse3 sdbg fma cx16 xtpr pdcm pcid sse4_1 sse4_2 x2apic movbe popcnt tsc_deadline_timer aes xsave avx f16c rdrand lahf_lm abm 3dnowprefetch epb intel_pt tpr_shadow vnmi flexpriority ept vpid fsgsbase tsc_adjust bmi1 avx2 smep bmi2 erms invpcid rdseed adx smap xsaveopt dtherm ida arat pln pts
bugs		:
bogomips	: 4792.52
clflush size	: 64
cache_alignment	: 64
address sizes	: 39 bits physical, 48 bits virtual
power management:

processor	: 3
vendor_id	: GenuineIntel
cpu family	: 6
model		: 61
model name	: Intel(R) Core(TM) i7-5500U CPU @ 2.40GHz
stepping	: 4
microcode	: 0x24
cpu MHz		: 2899.951
cache size	: 4096 KB
physical id	: 0
siblings	: 4
core id		: 1
cpu cores	: 2
apicid		: 3
initial apicid	: 3
fpu		: yes
fpu_exception	: yes
cpuid level	: 20
wp		: yes
flags		: fpu vme de pse tsc msr pae mce cx8 apic sep mtrr pge mca cmov pat pse36 clflush dts acpi mmx fxsr sse sse2 ss ht tm pbe syscall nx pdpe1gb rdtscp lm constant_tsc arch_perfmon pebs bts rep_good nopl xtopology nonstop_tsc aperfmperf eagerfpu pni pclmulqdq dtes64 monitor ds_cpl vmx est tm2 ssse3 sdbg fma cx16 xtpr pdcm pcid sse4_1 sse4_2 x2apic movbe popcnt tsc_deadline_timer aes xsave avx f16c rdrand lahf_lm abm 3dnowprefetch epb intel_pt tpr_shadow vnmi flexpriority ept vpid fsgsbase tsc_adjust bmi1 avx2 smep bmi2 erms invpcid rdseed adx smap xsaveopt dtherm ida arat pln pts
bugs		:
bogomips	: 4792.88
clflush size	: 64
cache_alignment	: 64
address sizes	: 39 bits physical, 48 bits virtual
power management:



Memory: 4k page, physical 8092016k(249736k free), swap 0k(0k free)

vm_info: OpenJDK 64-Bit Server VM (25.102-b14) for linux-amd64 JRE (1.8.0_102-b14), built on Jul 27 2016 07:46:42 by "builduser" with gcc 6.1.1 20160707

time: Fri Oct 21 16:23:07 2016
elapsed time: 44 seconds (0d 0h 0m 44s)

